<?xml version="1.0" encoding="UTF-8"?>
<testng-results ignored="0" total="3" passed="3" failed="0" skipped="0">
  <reporter-output>
  </reporter-output>
  <suite started-at="2024-10-13T19:53:15 CST" name="Default suite" finished-at="2024-10-13T19:53:15 CST" duration-ms="46">
    <groups>
    </groups>
    <test started-at="2024-10-13T19:53:15 CST" name="Default test" finished-at="2024-10-13T19:53:15 CST" duration-ms="46">
      <class name="com.practice.app.test.AppTest">
        <test-method is-config="true" signature="init()[pri:0, instance:com.practice.app.test.AppTest@36902638]" started-at="2024-10-13T19:53:15 CST" name="init" finished-at="2024-10-13T19:53:15 CST" duration-ms="8" status="PASS">
          <reporter-output>
          </reporter-output>
        </test-method> <!-- init -->
        <test-method signature="testMethod01()[pri:1, instance:com.practice.app.test.AppTest@36902638]" started-at="2024-10-13T19:53:15 CST" name="testMethod01" finished-at="2024-10-13T19:53:15 CST" duration-ms="5" status="PASS">
          <reporter-output>
          </reporter-output>
        </test-method> <!-- testMethod01 -->
        <test-method signature="testMethod02()[pri:2, instance:com.practice.app.test.AppTest@36902638]" started-at="2024-10-13T19:53:15 CST" name="testMethod02" finished-at="2024-10-13T19:53:15 CST" duration-ms="1" status="PASS">
          <reporter-output>
          </reporter-output>
        </test-method> <!-- testMethod02 -->
        <test-method signature="testMethod03()[pri:3, instance:com.practice.app.test.AppTest@36902638]" started-at="2024-10-13T19:53:15 CST" name="testMethod03" finished-at="2024-10-13T19:53:15 CST" duration-ms="1" status="PASS">
          <reporter-output>
          </reporter-output>
        </test-method> <!-- testMethod03 -->
      </class> <!-- com.practice.app.test.AppTest -->
    </test> <!-- Default test -->
  </suite> <!-- Default suite -->
</testng-results>
